<?xml version="1.0" encoding="UTF-8"?>
<!-- Generated by org.testng.reporters.JUnitXMLReporter -->
<testsuite ignored="0" hostname="DESKTOP-DFMJBKL" failures="0" tests="7" name="Login with Email" time="75.074" errors="0" timestamp="2025-01-07T21:36:45 IST">
  <testcase classname="tests.LoginWithEmail" name="navigateToLoginPage" time="11.614"/>
  <testcase classname="tests.LoginWithEmail" name="openEmailScreen" time="2.106"/>
  <testcase classname="tests.LoginWithEmail" name="enterValidEmail" time="1.901"/>
  <testcase classname="tests.LoginWithEmail" name="verifyOTPScreenVisible" time="12.878"/>
  <testcase classname="tests.LoginWithEmail" name="retrieveAndEnterOTP" time="7.07"/>
  <testcase classname="tests.LoginWithEmail" name="verifyEmailByOTP" time="0.941"/>
  <testcase classname="tests.LoginWithEmail" name="verifyUserStatus" time="12.104"/>
</testsuite> <!-- Login with Email -->
