<?xml version="1.0" encoding="UTF-8"?>
<!-- Generated by org.testng.reporters.JUnitXMLReporter -->
<testsuite ignored="0" hostname="DESKTOP-DFMJBKL" failures="0" tests="6" name="Login with Email" time="59.641" errors="0" timestamp="2025-01-09T22:54:16 IST">
  <testcase classname="tests.LoginWithPhone" name="navigateToLoginScreen" time="9.624"/>
  <testcase classname="tests.LoginWithPhone" name="openPhoneScreen" time="0.738"/>
  <testcase classname="tests.LoginWithPhone" name="verifyValidPhoneNumber" time="3.808"/>
  <testcase classname="tests.LoginWithPhone" name="retrieveAndEnterOTP" time="17.247"/>
  <testcase classname="tests.LoginWithPhone" name="verifyPhoneByOTP" time="2.277"/>
  <testcase classname="tests.LoginWithPhone" name="verifyUserStatus" time="3.67"/>
</testsuite> <!-- Login with Email -->
