<?xml version="1.0" encoding="UTF-8"?>
<testng-results ignored="0" total="6" passed="6" failed="0" skipped="0">
  <reporter-output>
  </reporter-output>
  <suite started-at="2025-01-09T22:53:16 IST" name="Level Supermind Automation" finished-at="2025-01-09T22:54:16 IST" duration-ms="59641">
    <groups>
    </groups>
    <test started-at="2025-01-09T22:53:16 IST" name="Login with Email" finished-at="2025-01-09T22:54:16 IST" duration-ms="59641">
      <class name="tests.LoginWithPhone">
        <test-method is-config="true" signature="driverInit()[pri:0, instance:tests.LoginWithPhone@59309333]" started-at="2025-01-09T22:53:17 IST" name="driverInit" finished-at="2025-01-09T22:53:28 IST" duration-ms="11170" status="PASS">
          <reporter-output>
          </reporter-output>
        </test-method> <!-- driverInit -->
        <test-method is-config="true" signature="AppActions()[pri:0, instance:tests.LoginWithPhone@59309333]" started-at="2025-01-09T22:53:28 IST" name="AppActions" finished-at="2025-01-09T22:53:31 IST" duration-ms="2929" status="PASS">
          <reporter-output>
          </reporter-output>
        </test-method> <!-- AppActions -->
        <test-method signature="navigateToLoginScreen()[pri:1, instance:tests.LoginWithPhone@59309333]" started-at="2025-01-09T22:53:31 IST" name="navigateToLoginScreen" finished-at="2025-01-09T22:53:40 IST" duration-ms="9624" status="PASS">
          <reporter-output>
          </reporter-output>
        </test-method> <!-- navigateToLoginScreen -->
        <test-method signature="openPhoneScreen()[pri:2, instance:tests.LoginWithPhone@59309333]" started-at="2025-01-09T22:53:42 IST" name="openPhoneScreen" finished-at="2025-01-09T22:53:43 IST" depends-on-methods="tests.LoginWithPhone.navigateToLoginScreen" duration-ms="738" status="PASS">
          <reporter-output>
          </reporter-output>
        </test-method> <!-- openPhoneScreen -->
        <test-method signature="verifyValidPhoneNumber()[pri:3, instance:tests.LoginWithPhone@59309333]" started-at="2025-01-09T22:53:44 IST" name="verifyValidPhoneNumber" finished-at="2025-01-09T22:53:47 IST" depends-on-methods="tests.LoginWithPhone.openPhoneScreen" duration-ms="3808" status="PASS">
          <reporter-output>
          </reporter-output>
        </test-method> <!-- verifyValidPhoneNumber -->
        <test-method signature="retrieveAndEnterOTP()[pri:4, instance:tests.LoginWithPhone@59309333]" started-at="2025-01-09T22:53:48 IST" name="retrieveAndEnterOTP" finished-at="2025-01-09T22:54:06 IST" depends-on-methods="tests.LoginWithPhone.verifyValidPhoneNumber" duration-ms="17247" status="PASS">
          <reporter-output>
          </reporter-output>
        </test-method> <!-- retrieveAndEnterOTP -->
        <test-method signature="verifyPhoneByOTP()[pri:5, instance:tests.LoginWithPhone@59309333]" started-at="2025-01-09T22:54:07 IST" name="verifyPhoneByOTP" finished-at="2025-01-09T22:54:09 IST" depends-on-methods="tests.LoginWithPhone.retrieveAndEnterOTP" duration-ms="2277" status="PASS">
          <reporter-output>
          </reporter-output>
        </test-method> <!-- verifyPhoneByOTP -->
        <test-method signature="verifyUserStatus()[pri:6, instance:tests.LoginWithPhone@59309333]" started-at="2025-01-09T22:54:10 IST" name="verifyUserStatus" finished-at="2025-01-09T22:54:14 IST" depends-on-methods="tests.LoginWithPhone.verifyPhoneByOTP" duration-ms="3670" status="PASS">
          <reporter-output>
          </reporter-output>
        </test-method> <!-- verifyUserStatus -->
        <test-method is-config="true" signature="teardown()[pri:0, instance:tests.LoginWithPhone@59309333]" started-at="2025-01-09T22:54:15 IST" name="teardown" finished-at="2025-01-09T22:54:16 IST" duration-ms="616" status="PASS">
          <reporter-output>
          </reporter-output>
        </test-method> <!-- teardown -->
      </class> <!-- tests.LoginWithPhone -->
    </test> <!-- Login with Email -->
  </suite> <!-- Level Supermind Automation -->
</testng-results>
